<?xml version="1.0" encoding="UTF-8"?>
<!-- Generated by org.testng.reporters.JUnitReportReporter -->
<testsuite skipped="0" hostname="DESKTOP-545D5VP" name="parallel.ParallelRun" tests="6" failures="0" timestamp="25 Nov 2021 08:30:45 GMT" time="226.718" errors="1">
  <testcase name="runScenario" time="37.666" classname="parallel.ParallelRun"/>
  <testcase name="runScenario" time="35.363" classname="parallel.ParallelRun"/>
  <testcase name="runScenario" time="37.494" classname="parallel.ParallelRun"/>
  <testcase name="runScenario" time="38.904" classname="parallel.ParallelRun"/>
  <testcase name="runScenario" time="38.938" classname="parallel.ParallelRun"/>
  <testcase name="runScenario" time="38.353" classname="parallel.ParallelRun">
    <error type="org.openqa.selenium.NoSuchElementException" message="no such element: Unable to locate element: {&quot;method&quot;:&quot;link text&quot;,&quot;selector&quot;:&quot;Forgot your password?1111&quot;}
  (Session info: MicrosoftEdge=96.0.1054.34)
For documentation on this error, please visit: https://www.seleniumhq.org/exceptions/no_such_element.html
Build info: version: &#039;3.141.59&#039;, revision: &#039;e82be7d358&#039;, time: &#039;2018-11-14T08:17:03&#039;
System info: host: &#039;DESKTOP-545D5VP&#039;, ip: &#039;192.168.0.210&#039;, os.name: &#039;Windows 10&#039;, os.arch: &#039;amd64&#039;, os.version: &#039;10.0&#039;, java.version: &#039;1.8.0_311&#039;
Driver info: org.openqa.selenium.edge.EdgeDriver
Capabilities {acceptInsecureCerts: false, browserName: msedge, browserVersion: 96.0.1054.34, javascriptEnabled: true, ms:edgeOptions: {debuggerAddress: localhost:51187}, msedge: {msedgedriverVersion: 96.0.1054.34 (174c7c1059e27..., userDataDir: C:\Users\UX500019\AppData\L...}, networkConnectionEnabled: false, pageLoadStrategy: normal, platform: WINDOWS, platformName: WINDOWS, proxy: Proxy(), setWindowRect: true, strictFileInteractability: false, timeouts: {implicit: 0, pageLoad: 300000, script: 30000}, unhandledPromptBehavior: dismiss and notify, webauthn:extension:credBlob: true, webauthn:extension:largeBlob: true, webauthn:virtualAuthenticators: true}
Session ID: 842ab50b78f558c12e8bf2f942f292f6
*** Element info: {Using=link text, value=Forgot your password?1111}">
      <![CDATA[org.openqa.selenium.NoSuchElementException: no such element: Unable to locate element: {"method":"link text","selector":"Forgot your password?1111"}
  (Session info: MicrosoftEdge=96.0.1054.34)
For documentation on this error, please visit: https://www.seleniumhq.org/exceptions/no_such_element.html
Build info: version: '3.141.59', revision: 'e82be7d358', time: '2018-11-14T08:17:03'
System info: host: 'DESKTOP-545D5VP', ip: '192.168.0.210', os.name: 'Windows 10', os.arch: 'amd64', os.version: '10.0', java.version: '1.8.0_311'
Driver info: org.openqa.selenium.edge.EdgeDriver
Capabilities {acceptInsecureCerts: false, browserName: msedge, browserVersion: 96.0.1054.34, javascriptEnabled: true, ms:edgeOptions: {debuggerAddress: localhost:51187}, msedge: {msedgedriverVersion: 96.0.1054.34 (174c7c1059e27..., userDataDir: C:\Users\UX500019\AppData\L...}, networkConnectionEnabled: false, pageLoadStrategy: normal, platform: WINDOWS, platformName: WINDOWS, proxy: Proxy(), setWindowRect: true, strictFileInteractability: false, timeouts: {implicit: 0, pageLoad: 300000, script: 30000}, unhandledPromptBehavior: dismiss and notify, webauthn:extension:credBlob: true, webauthn:extension:largeBlob: true, webauthn:virtualAuthenticators: true}
Session ID: 842ab50b78f558c12e8bf2f942f292f6
*** Element info: {Using=link text, value=Forgot your password?1111}
at sun.reflect.NativeConstructorAccessorImpl.newInstance0(Native Method)
at sun.reflect.NativeConstructorAccessorImpl.newInstance(NativeConstructorAccessorImpl.java:62)
at sun.reflect.DelegatingConstructorAccessorImpl.newInstance(DelegatingConstructorAccessorImpl.java:45)
at java.lang.reflect.Constructor.newInstance(Constructor.java:423)
at org.openqa.selenium.remote.http.W3CHttpResponseCodec.createException(W3CHttpResponseCodec.java:187)
at org.openqa.selenium.remote.http.W3CHttpResponseCodec.decode(W3CHttpResponseCodec.java:122)
at org.openqa.selenium.remote.http.W3CHttpResponseCodec.decode(W3CHttpResponseCodec.java:49)
at org.openqa.selenium.remote.HttpCommandExecutor.execute(HttpCommandExecutor.java:158)
at org.openqa.selenium.remote.service.DriverCommandExecutor.execute(DriverCommandExecutor.java:83)
at org.openqa.selenium.remote.RemoteWebDriver.execute(RemoteWebDriver.java:552)
at org.openqa.selenium.remote.RemoteWebDriver.findElement(RemoteWebDriver.java:323)
at org.openqa.selenium.remote.RemoteWebDriver.findElementByLinkText(RemoteWebDriver.java:380)
at org.openqa.selenium.By$ByLinkText.findElement(By.java:220)
at org.openqa.selenium.remote.RemoteWebDriver.findElement(RemoteWebDriver.java:315)
at com.pages.LoginPage.isForgetPasswordlinkExists(LoginPage.java:33)
at parallel.LoginSteps.forgot_your_password_link_should_be_displayed(LoginSteps.java:35)
at âœ½.forgot your password link should be displayed(file:///C:/Users/UX500019/eclipse-workspace/CucumberPOM/src/test/resources/parallel/Loginpage.feature:10)
]]>
    </error>
  </testcase> <!-- runScenario -->
</testsuite> <!-- parallel.ParallelRun -->
